# JRE version: Java(TM) SE Runtime Environment (8.0_45-b14) (build 1.8.0_45-b14)
# Java VM: Java HotSpot(TM) 64-Bit Server VM (25.45-b02 mixed mode bsd-amd64 compressed oops)
Heap:
 PSYoungGen      total 38400K, used 8399K [0x0000000795580000, 0x0000000798000000, 0x00000007c0000000)
  eden space 33280K, 9% used [0x0000000795580000,0x00000007958b6078,0x0000000797600000)
  from space 5120K, 99% used [0x0000000797600000,0x0000000797afde70,0x0000000797b00000)
  to   space 5120K, 0% used [0x0000000797b00000,0x0000000797b00000,0x0000000798000000)
 ParOldGen       total 49152K, used 11177K [0x0000000740000000, 0x0000000743000000, 0x0000000795580000)
  object space 49152K, 22% used [0x0000000740000000,0x0000000740aea5e8,0x0000000743000000)
 Metaspace       used 32114K, capacity 33300K, committed 33536K, reserved 1077248K
  class space    used 4501K, capacity 4755K, committed 4864K, reserved 1048576K
GC Heap History (8 events):
Event: 2.606 GC heap before
{Heap before GC invocations=1 (full 0):
 PSYoungGen      total 38400K, used 33280K [0x0000000795580000, 0x0000000798000000, 0x00000007c0000000)
  eden space 33280K, 100% used [0x0000000795580000,0x0000000797600000,0x0000000797600000)
  from space 5120K, 0% used [0x0000000797b00000,0x0000000797b00000,0x0000000798000000)
  to   space 5120K, 0% used [0x0000000797600000,0x0000000797600000,0x0000000797b00000)
 ParOldGen       total 87552K, used 0K [0x0000000740000000, 0x0000000745580000, 0x0000000795580000)
  object space 87552K, 0% used [0x0000000740000000,0x0000000740000000,0x0000000745580000)
 Metaspace       used 13506K, capacity 14064K, committed 14336K, reserved 1060864K
  class space    used 1805K, capacity 1993K, committed 2048K, reserved 1048576K
Event: 2.616 GC heap after
Heap after GC invocations=1 (full 0):
 PSYoungGen      total 38400K, used 4949K [0x0000000795580000, 0x0000000798000000, 0x00000007c0000000)
  eden space 33280K, 0% used [0x0000000795580000,0x0000000795580000,0x0000000797600000)
  from space 5120K, 96% used [0x0000000797600000,0x0000000797ad5510,0x0000000797b00000)
  to   space 5120K, 0% used [0x0000000797b00000,0x0000000797b00000,0x0000000798000000)
 ParOldGen       total 87552K, used 80K [0x0000000740000000, 0x0000000745580000, 0x0000000795580000)
  object space 87552K, 0% used [0x0000000740000000,0x0000000740014010,0x0000000745580000)
 Metaspace       used 13506K, capacity 14064K, committed 14336K, reserved 1060864K
  class space    used 1805K, capacity 1993K, committed 2048K, reserved 1048576K
}
Event: 10.365 GC heap before
{Heap before GC invocations=2 (full 0):
 PSYoungGen      total 38400K, used 38032K [0x0000000795580000, 0x0000000798000000, 0x00000007c0000000)
  eden space 33280K, 99% used [0x0000000795580000,0x00000007975ced18,0x0000000797600000)
  from space 5120K, 96% used [0x0000000797600000,0x0000000797ad5510,0x0000000797b00000)
  to   space 5120K, 0% used [0x0000000797b00000,0x0000000797b00000,0x0000000798000000)
 ParOldGen       total 87552K, used 80K [0x0000000740000000, 0x0000000745580000, 0x0000000795580000)
  object space 87552K, 0% used [0x0000000740000000,0x0000000740014010,0x0000000745580000)
 Metaspace       used 20391K, capacity 21116K, committed 21248K, reserved 1067008K
  class space    used 2833K, capacity 3023K, committed 3072K, reserved 1048576K
Event: 10.382 GC heap after
Heap after GC invocations=2 (full 0):
 PSYoungGen      total 38400K, used 5104K [0x0000000795580000, 0x0000000798000000, 0x00000007c0000000)
  eden space 33280K, 0% used [0x0000000795580000,0x0000000795580000,0x0000000797600000)
  from space 5120K, 99% used [0x0000000797b00000,0x0000000797ffc040,0x0000000798000000)
  to   space 5120K, 0% used [0x0000000797600000,0x0000000797600000,0x0000000797b00000)
 ParOldGen       total 87552K, used 4697K [0x0000000740000000, 0x0000000745580000, 0x0000000795580000)
  object space 87552K, 5% used [0x0000000740000000,0x0000000740496428,0x0000000745580000)
 Metaspace       used 20391K, capacity 21116K, committed 21248K, reserved 1067008K
  class space    used 2833K, capacity 3023K, committed 3072K, reserved 1048576K
}
Event: 10.382 GC heap before
{Heap before GC invocations=3 (full 1):
 PSYoungGen      total 38400K, used 5104K [0x0000000795580000, 0x0000000798000000, 0x00000007c0000000)
  eden space 33280K, 0% used [0x0000000795580000,0x0000000795580000,0x0000000797600000)
  from space 5120K, 99% used [0x0000000797b00000,0x0000000797ffc040,0x0000000798000000)
  to   space 5120K, 0% used [0x0000000797600000,0x0000000797600000,0x0000000797b00000)
 ParOldGen       total 87552K, used 4697K [0x0000000740000000, 0x0000000745580000, 0x0000000795580000)
  object space 87552K, 5% used [0x0000000740000000,0x0000000740496428,0x0000000745580000)
 Metaspace       used 20391K, capacity 21116K, committed 21248K, reserved 1067008K
  class space    used 2833K, capacity 3023K, committed 3072K, reserved 1048576K
Event: 10.448 GC heap after
Heap after GC invocations=3 (full 1):
 PSYoungGen      total 38400K, used 0K [0x0000000795580000, 0x0000000798000000, 0x00000007c0000000)
  eden space 33280K, 0% used [0x0000000795580000,0x0000000795580000,0x0000000797600000)
  from space 5120K, 0% used [0x0000000797b00000,0x0000000797b00000,0x0000000798000000)
  to   space 5120K, 0% used [0x0000000797600000,0x0000000797600000,0x0000000797b00000)
 ParOldGen       total 49152K, used 9649K [0x0000000740000000, 0x0000000743000000, 0x0000000795580000)
  object space 49152K, 19% used [0x0000000740000000,0x000000074096c4e0,0x0000000743000000)
 Metaspace       used 20391K, capacity 21116K, committed 21248K, reserved 1067008K
  class space    used 2833K, capacity 3023K, committed 3072K, reserved 1048576K
}
Event: 12.459 GC heap before
{Heap before GC invocations=4 (full 1):
 PSYoungGen      total 38400K, used 33280K [0x0000000795580000, 0x0000000798000000, 0x00000007c0000000)
  eden space 33280K, 100% used [0x0000000795580000,0x0000000797600000,0x0000000797600000)
  from space 5120K, 0% used [0x0000000797b00000,0x0000000797b00000,0x0000000798000000)
  to   space 5120K, 0% used [0x0000000797600000,0x0000000797600000,0x0000000797b00000)
 ParOldGen       total 49152K, used 9649K [0x0000000740000000, 0x0000000743000000, 0x0000000795580000)
  object space 49152K, 19% used [0x0000000740000000,0x000000074096c4e0,0x0000000743000000)
 Metaspace       used 31810K, capacity 32948K, committed 33152K, reserved 1077248K
  class space    used 4458K, capacity 4683K, committed 4736K, reserved 1048576K
Event: 12.470 GC heap after
Heap after GC invocations=4 (full 1):
 PSYoungGen      total 38400K, used 5111K [0x0000000795580000, 0x0000000798000000, 0x00000007c0000000)
  eden space 33280K, 0% used [0x0000000795580000,0x0000000795580000,0x0000000797600000)
  from space 5120K, 99% used [0x0000000797600000,0x0000000797afde70,0x0000000797b00000)
  to   space 5120K, 0% used [0x0000000797b00000,0x0000000797b00000,0x0000000798000000)
 ParOldGen       total 49152K, used 11177K [0x0000000740000000, 0x0000000743000000, 0x0000000795580000)
  object space 49152K, 22% used [0x0000000740000000,0x0000000740aea5e8,0x0000000743000000)
 Metaspace       used 31810K, capacity 32948K, committed 33152K, reserved 1077248K
  class space    used 4458K, capacity 4683K, committed 4736K, reserved 1048576K
}

