# JRE version: Java(TM) SE Runtime Environment (8.0_45-b14) (build 1.8.0_45-b14)
# Java VM: Java HotSpot(TM) 64-Bit Server VM (25.45-b02 mixed mode bsd-amd64 compressed oops)
Heap:
 PSYoungGen      total 38400K, used 7116K [0x0000000795580000, 0x0000000798000000, 0x00000007c0000000)
  eden space 33280K, 6% used [0x0000000795580000,0x00000007957761d8,0x0000000797600000)
  from space 5120K, 99% used [0x0000000797600000,0x0000000797afcea0,0x0000000797b00000)
  to   space 5120K, 0% used [0x0000000797b00000,0x0000000797b00000,0x0000000798000000)
 ParOldGen       total 49152K, used 11140K [0x0000000740000000, 0x0000000743000000, 0x0000000795580000)
  object space 49152K, 22% used [0x0000000740000000,0x0000000740ae12c8,0x0000000743000000)
 Metaspace       used 31726K, capacity 32866K, committed 33152K, reserved 1077248K
  class space    used 4449K, capacity 4680K, committed 4736K, reserved 1048576K
GC Heap History (8 events):
Event: 2.180 GC heap before
{Heap before GC invocations=1 (full 0):
 PSYoungGen      total 38400K, used 33280K [0x0000000795580000, 0x0000000798000000, 0x00000007c0000000)
  eden space 33280K, 100% used [0x0000000795580000,0x0000000797600000,0x0000000797600000)
  from space 5120K, 0% used [0x0000000797b00000,0x0000000797b00000,0x0000000798000000)
  to   space 5120K, 0% used [0x0000000797600000,0x0000000797600000,0x0000000797b00000)
 ParOldGen       total 87552K, used 0K [0x0000000740000000, 0x0000000745580000, 0x0000000795580000)
  object space 87552K, 0% used [0x0000000740000000,0x0000000740000000,0x0000000745580000)
 Metaspace       used 13493K, capacity 14060K, committed 14336K, reserved 1060864K
  class space    used 1809K, capacity 1993K, committed 2048K, reserved 1048576K
Event: 2.191 GC heap after
Heap after GC invocations=1 (full 0):
 PSYoungGen      total 38400K, used 4938K [0x0000000795580000, 0x0000000798000000, 0x00000007c0000000)
  eden space 33280K, 0% used [0x0000000795580000,0x0000000795580000,0x0000000797600000)
  from space 5120K, 96% used [0x0000000797600000,0x0000000797ad2b30,0x0000000797b00000)
  to   space 5120K, 0% used [0x0000000797b00000,0x0000000797b00000,0x0000000798000000)
 ParOldGen       total 87552K, used 80K [0x0000000740000000, 0x0000000745580000, 0x0000000795580000)
  object space 87552K, 0% used [0x0000000740000000,0x0000000740014010,0x0000000745580000)
 Metaspace       used 13493K, capacity 14060K, committed 14336K, reserved 1060864K
  class space    used 1809K, capacity 1993K, committed 2048K, reserved 1048576K
}
Event: 8.181 GC heap before
{Heap before GC invocations=2 (full 0):
 PSYoungGen      total 38400K, used 37015K [0x0000000795580000, 0x0000000798000000, 0x00000007c0000000)
  eden space 33280K, 96% used [0x0000000795580000,0x00000007974d3168,0x0000000797600000)
  from space 5120K, 96% used [0x0000000797600000,0x0000000797ad2b30,0x0000000797b00000)
  to   space 5120K, 0% used [0x0000000797b00000,0x0000000797b00000,0x0000000798000000)
 ParOldGen       total 87552K, used 80K [0x0000000740000000, 0x0000000745580000, 0x0000000795580000)
  object space 87552K, 0% used [0x0000000740000000,0x0000000740014010,0x0000000745580000)
 Metaspace       used 20477K, capacity 21172K, committed 21248K, reserved 1067008K
  class space    used 2844K, capacity 3045K, committed 3072K, reserved 1048576K
Event: 8.194 GC heap after
Heap after GC invocations=2 (full 0):
 PSYoungGen      total 38400K, used 5103K [0x0000000795580000, 0x0000000798000000, 0x00000007c0000000)
  eden space 33280K, 0% used [0x0000000795580000,0x0000000795580000,0x0000000797600000)
  from space 5120K, 99% used [0x0000000797b00000,0x0000000797ffbf40,0x0000000798000000)
  to   space 5120K, 0% used [0x0000000797600000,0x0000000797600000,0x0000000797b00000)
 ParOldGen       total 87552K, used 4688K [0x0000000740000000, 0x0000000745580000, 0x0000000795580000)
  object space 87552K, 5% used [0x0000000740000000,0x00000007404942c0,0x0000000745580000)
 Metaspace       used 20477K, capacity 21172K, committed 21248K, reserved 1067008K
  class space    used 2844K, capacity 3045K, committed 3072K, reserved 1048576K
}
Event: 8.194 GC heap before
{Heap before GC invocations=3 (full 1):
 PSYoungGen      total 38400K, used 5103K [0x0000000795580000, 0x0000000798000000, 0x00000007c0000000)
  eden space 33280K, 0% used [0x0000000795580000,0x0000000795580000,0x0000000797600000)
  from space 5120K, 99% used [0x0000000797b00000,0x0000000797ffbf40,0x0000000798000000)
  to   space 5120K, 0% used [0x0000000797600000,0x0000000797600000,0x0000000797b00000)
 ParOldGen       total 87552K, used 4688K [0x0000000740000000, 0x0000000745580000, 0x0000000795580000)
  object space 87552K, 5% used [0x0000000740000000,0x00000007404942c0,0x0000000745580000)
 Metaspace       used 20477K, capacity 21172K, committed 21248K, reserved 1067008K
  class space    used 2844K, capacity 3045K, committed 3072K, reserved 1048576K
Event: 8.242 GC heap after
Heap after GC invocations=3 (full 1):
 PSYoungGen      total 38400K, used 0K [0x0000000795580000, 0x0000000798000000, 0x00000007c0000000)
  eden space 33280K, 0% used [0x0000000795580000,0x0000000795580000,0x0000000797600000)
  from space 5120K, 0% used [0x0000000797b00000,0x0000000797b00000,0x0000000798000000)
  to   space 5120K, 0% used [0x0000000797600000,0x0000000797600000,0x0000000797b00000)
 ParOldGen       total 49152K, used 9634K [0x0000000740000000, 0x0000000743000000, 0x0000000795580000)
  object space 49152K, 19% used [0x0000000740000000,0x00000007409689e8,0x0000000743000000)
 Metaspace       used 20477K, capacity 21172K, committed 21248K, reserved 1067008K
  class space    used 2844K, capacity 3045K, committed 3072K, reserved 1048576K
}
Event: 10.019 GC heap before
{Heap before GC invocations=4 (full 1):
 PSYoungGen      total 38400K, used 33280K [0x0000000795580000, 0x0000000798000000, 0x00000007c0000000)
  eden space 33280K, 100% used [0x0000000795580000,0x0000000797600000,0x0000000797600000)
  from space 5120K, 0% used [0x0000000797b00000,0x0000000797b00000,0x0000000798000000)
  to   space 5120K, 0% used [0x0000000797600000,0x0000000797600000,0x0000000797b00000)
 ParOldGen       total 49152K, used 9634K [0x0000000740000000, 0x0000000743000000, 0x0000000795580000)
  object space 49152K, 19% used [0x0000000740000000,0x00000007409689e8,0x0000000743000000)
 Metaspace       used 31615K, capacity 32770K, committed 32896K, reserved 1077248K
  class space    used 4443K, capacity 4672K, committed 4736K, reserved 1048576K
Event: 10.028 GC heap after
Heap after GC invocations=4 (full 1):
 PSYoungGen      total 38400K, used 5107K [0x0000000795580000, 0x0000000798000000, 0x00000007c0000000)
  eden space 33280K, 0% used [0x0000000795580000,0x0000000795580000,0x0000000797600000)
  from space 5120K, 99% used [0x0000000797600000,0x0000000797afcea0,0x0000000797b00000)
  to   space 5120K, 0% used [0x0000000797b00000,0x0000000797b00000,0x0000000798000000)
 ParOldGen       total 49152K, used 11140K [0x0000000740000000, 0x0000000743000000, 0x0000000795580000)
  object space 49152K, 22% used [0x0000000740000000,0x0000000740ae12c8,0x0000000743000000)
 Metaspace       used 31615K, capacity 32770K, committed 32896K, reserved 1077248K
  class space    used 4443K, capacity 4672K, committed 4736K, reserved 1048576K
}

