# JRE version: Java(TM) SE Runtime Environment (8.0_45-b14) (build 1.8.0_45-b14)
# Java VM: Java HotSpot(TM) 64-Bit Server VM (25.45-b02 mixed mode bsd-amd64 compressed oops)
Heap:
 PSYoungGen      total 38400K, used 5706K [0x0000000795580000, 0x0000000798000000, 0x00000007c0000000)
  eden space 33280K, 1% used [0x0000000795580000,0x0000000795615a98,0x0000000797600000)
  from space 5120K, 99% used [0x0000000797600000,0x0000000797afce80,0x0000000797b00000)
  to   space 5120K, 0% used [0x0000000797b00000,0x0000000797b00000,0x0000000798000000)
 ParOldGen       total 74240K, used 11034K [0x0000000740000000, 0x0000000744880000, 0x0000000795580000)
  object space 74240K, 14% used [0x0000000740000000,0x0000000740ac6ae8,0x0000000744880000)
 Metaspace       used 31684K, capacity 32914K, committed 33152K, reserved 1077248K
  class space    used 4452K, capacity 4712K, committed 4736K, reserved 1048576K
GC Heap History (8 events):
Event: 2.358 GC heap before
{Heap before GC invocations=1 (full 0):
 PSYoungGen      total 38400K, used 33280K [0x0000000795580000, 0x0000000798000000, 0x00000007c0000000)
  eden space 33280K, 100% used [0x0000000795580000,0x0000000797600000,0x0000000797600000)
  from space 5120K, 0% used [0x0000000797b00000,0x0000000797b00000,0x0000000798000000)
  to   space 5120K, 0% used [0x0000000797600000,0x0000000797600000,0x0000000797b00000)
 ParOldGen       total 87552K, used 0K [0x0000000740000000, 0x0000000745580000, 0x0000000795580000)
  object space 87552K, 0% used [0x0000000740000000,0x0000000740000000,0x0000000745580000)
 Metaspace       used 13505K, capacity 14068K, committed 14336K, reserved 1060864K
  class space    used 1817K, capacity 1993K, committed 2048K, reserved 1048576K
Event: 2.367 GC heap after
Heap after GC invocations=1 (full 0):
 PSYoungGen      total 38400K, used 4986K [0x0000000795580000, 0x0000000798000000, 0x00000007c0000000)
  eden space 33280K, 0% used [0x0000000795580000,0x0000000795580000,0x0000000797600000)
  from space 5120K, 97% used [0x0000000797600000,0x0000000797adeb58,0x0000000797b00000)
  to   space 5120K, 0% used [0x0000000797b00000,0x0000000797b00000,0x0000000798000000)
 ParOldGen       total 87552K, used 80K [0x0000000740000000, 0x0000000745580000, 0x0000000795580000)
  object space 87552K, 0% used [0x0000000740000000,0x0000000740014010,0x0000000745580000)
 Metaspace       used 13505K, capacity 14068K, committed 14336K, reserved 1060864K
  class space    used 1817K, capacity 1993K, committed 2048K, reserved 1048576K
}
Event: 8.421 GC heap before
{Heap before GC invocations=2 (full 0):
 PSYoungGen      total 38400K, used 36347K [0x0000000795580000, 0x0000000798000000, 0x00000007c0000000)
  eden space 33280K, 94% used [0x0000000795580000,0x0000000797420238,0x0000000797600000)
  from space 5120K, 97% used [0x0000000797600000,0x0000000797adeb58,0x0000000797b00000)
  to   space 5120K, 0% used [0x0000000797b00000,0x0000000797b00000,0x0000000798000000)
 ParOldGen       total 87552K, used 80K [0x0000000740000000, 0x0000000745580000, 0x0000000795580000)
  object space 87552K, 0% used [0x0000000740000000,0x0000000740014010,0x0000000745580000)
 Metaspace       used 20462K, capacity 21188K, committed 21248K, reserved 1067008K
  class space    used 2849K, capacity 3045K, committed 3072K, reserved 1048576K
Event: 8.441 GC heap after
Heap after GC invocations=2 (full 0):
 PSYoungGen      total 38400K, used 5117K [0x0000000795580000, 0x0000000798000000, 0x00000007c0000000)
  eden space 33280K, 0% used [0x0000000795580000,0x0000000795580000,0x0000000797600000)
  from space 5120K, 99% used [0x0000000797b00000,0x0000000797fff4c0,0x0000000798000000)
  to   space 5120K, 0% used [0x0000000797600000,0x0000000797600000,0x0000000797b00000)
 ParOldGen       total 87552K, used 6737K [0x0000000740000000, 0x0000000745580000, 0x0000000795580000)
  object space 87552K, 7% used [0x0000000740000000,0x00000007406947a0,0x0000000745580000)
 Metaspace       used 20462K, capacity 21188K, committed 21248K, reserved 1067008K
  class space    used 2849K, capacity 3045K, committed 3072K, reserved 1048576K
}
Event: 8.441 GC heap before
{Heap before GC invocations=3 (full 1):
 PSYoungGen      total 38400K, used 5117K [0x0000000795580000, 0x0000000798000000, 0x00000007c0000000)
  eden space 33280K, 0% used [0x0000000795580000,0x0000000795580000,0x0000000797600000)
  from space 5120K, 99% used [0x0000000797b00000,0x0000000797fff4c0,0x0000000798000000)
  to   space 5120K, 0% used [0x0000000797600000,0x0000000797600000,0x0000000797b00000)
 ParOldGen       total 87552K, used 6737K [0x0000000740000000, 0x0000000745580000, 0x0000000795580000)
  object space 87552K, 7% used [0x0000000740000000,0x00000007406947a0,0x0000000745580000)
 Metaspace       used 20462K, capacity 21188K, committed 21248K, reserved 1067008K
  class space    used 2849K, capacity 3045K, committed 3072K, reserved 1048576K
Event: 8.498 GC heap after
Heap after GC invocations=3 (full 1):
 PSYoungGen      total 38400K, used 0K [0x0000000795580000, 0x0000000798000000, 0x00000007c0000000)
  eden space 33280K, 0% used [0x0000000795580000,0x0000000795580000,0x0000000797600000)
  from space 5120K, 0% used [0x0000000797b00000,0x0000000797b00000,0x0000000798000000)
  to   space 5120K, 0% used [0x0000000797600000,0x0000000797600000,0x0000000797b00000)
 ParOldGen       total 74240K, used 9639K [0x0000000740000000, 0x0000000744880000, 0x0000000795580000)
  object space 74240K, 12% used [0x0000000740000000,0x0000000740969c68,0x0000000744880000)
 Metaspace       used 20462K, capacity 21188K, committed 21248K, reserved 1067008K
  class space    used 2849K, capacity 3045K, committed 3072K, reserved 1048576K
}
Event: 21.002 GC heap before
{Heap before GC invocations=4 (full 1):
 PSYoungGen      total 38400K, used 33280K [0x0000000795580000, 0x0000000798000000, 0x00000007c0000000)
  eden space 33280K, 100% used [0x0000000795580000,0x0000000797600000,0x0000000797600000)
  from space 5120K, 0% used [0x0000000797b00000,0x0000000797b00000,0x0000000798000000)
  to   space 5120K, 0% used [0x0000000797600000,0x0000000797600000,0x0000000797b00000)
 ParOldGen       total 74240K, used 9639K [0x0000000740000000, 0x0000000744880000, 0x0000000795580000)
  object space 74240K, 12% used [0x0000000740000000,0x0000000740969c68,0x0000000744880000)
 Metaspace       used 31667K, capacity 32850K, committed 32896K, reserved 1077248K
  class space    used 4452K, capacity 4712K, committed 4736K, reserved 1048576K
Event: 21.011 GC heap after
Heap after GC invocations=4 (full 1):
 PSYoungGen      total 38400K, used 5107K [0x0000000795580000, 0x0000000798000000, 0x00000007c0000000)
  eden space 33280K, 0% used [0x0000000795580000,0x0000000795580000,0x0000000797600000)
  from space 5120K, 99% used [0x0000000797600000,0x0000000797afce80,0x0000000797b00000)
  to   space 5120K, 0% used [0x0000000797b00000,0x0000000797b00000,0x0000000798000000)
 ParOldGen       total 74240K, used 11034K [0x0000000740000000, 0x0000000744880000, 0x0000000795580000)
  object space 74240K, 14% used [0x0000000740000000,0x0000000740ac6ae8,0x0000000744880000)
 Metaspace       used 31667K, capacity 32850K, committed 32896K, reserved 1077248K
  class space    used 4452K, capacity 4712K, committed 4736K, reserved 1048576K
}

