# JRE version: Java(TM) SE Runtime Environment (8.0_45-b14) (build 1.8.0_45-b14)
# Java VM: Java HotSpot(TM) 64-Bit Server VM (25.45-b02 mixed mode bsd-amd64 compressed oops)
Heap:
 PSYoungGen      total 38400K, used 10971K [0x0000000795580000, 0x0000000798c00000, 0x00000007c0000000)
  eden space 33280K, 17% used [0x0000000795580000,0x0000000795b3ceb0,0x0000000797600000)
  from space 5120K, 99% used [0x0000000797600000,0x0000000797af9e80,0x0000000797b00000)
  to   space 5120K, 0% used [0x0000000798700000,0x0000000798700000,0x0000000798c00000)
 ParOldGen       total 73728K, used 11163K [0x0000000740000000, 0x0000000744800000, 0x0000000795580000)
  object space 73728K, 15% used [0x0000000740000000,0x0000000740ae6c60,0x0000000744800000)
 Metaspace       used 32009K, capacity 33098K, committed 33152K, reserved 1077248K
  class space    used 4487K, capacity 4712K, committed 4736K, reserved 1048576K
GC Heap History (8 events):
Event: 2.283 GC heap before
{Heap before GC invocations=1 (full 0):
 PSYoungGen      total 38400K, used 33280K [0x0000000795580000, 0x0000000798000000, 0x00000007c0000000)
  eden space 33280K, 100% used [0x0000000795580000,0x0000000797600000,0x0000000797600000)
  from space 5120K, 0% used [0x0000000797b00000,0x0000000797b00000,0x0000000798000000)
  to   space 5120K, 0% used [0x0000000797600000,0x0000000797600000,0x0000000797b00000)
 ParOldGen       total 87552K, used 0K [0x0000000740000000, 0x0000000745580000, 0x0000000795580000)
  object space 87552K, 0% used [0x0000000740000000,0x0000000740000000,0x0000000745580000)
 Metaspace       used 13469K, capacity 14056K, committed 14336K, reserved 1060864K
  class space    used 1804K, capacity 1993K, committed 2048K, reserved 1048576K
Event: 2.293 GC heap after
Heap after GC invocations=1 (full 0):
 PSYoungGen      total 38400K, used 4914K [0x0000000795580000, 0x0000000798000000, 0x00000007c0000000)
  eden space 33280K, 0% used [0x0000000795580000,0x0000000795580000,0x0000000797600000)
  from space 5120K, 95% used [0x0000000797600000,0x0000000797acca80,0x0000000797b00000)
  to   space 5120K, 0% used [0x0000000797b00000,0x0000000797b00000,0x0000000798000000)
 ParOldGen       total 87552K, used 80K [0x0000000740000000, 0x0000000745580000, 0x0000000795580000)
  object space 87552K, 0% used [0x0000000740000000,0x0000000740014010,0x0000000745580000)
 Metaspace       used 13469K, capacity 14056K, committed 14336K, reserved 1060864K
  class space    used 1804K, capacity 1993K, committed 2048K, reserved 1048576K
}
Event: 5.355 GC heap before
{Heap before GC invocations=2 (full 0):
 PSYoungGen      total 38400K, used 36338K [0x0000000795580000, 0x0000000798000000, 0x00000007c0000000)
  eden space 33280K, 94% used [0x0000000795580000,0x000000079742fd88,0x0000000797600000)
  from space 5120K, 95% used [0x0000000797600000,0x0000000797acca80,0x0000000797b00000)
  to   space 5120K, 0% used [0x0000000797b00000,0x0000000797b00000,0x0000000798000000)
 ParOldGen       total 87552K, used 80K [0x0000000740000000, 0x0000000745580000, 0x0000000795580000)
  object space 87552K, 0% used [0x0000000740000000,0x0000000740014010,0x0000000745580000)
 Metaspace       used 20450K, capacity 21170K, committed 21248K, reserved 1067008K
  class space    used 2859K, capacity 3044K, committed 3072K, reserved 1048576K
Event: 5.370 GC heap after
Heap after GC invocations=2 (full 0):
 PSYoungGen      total 38400K, used 5101K [0x0000000795580000, 0x0000000798000000, 0x00000007c0000000)
  eden space 33280K, 0% used [0x0000000795580000,0x0000000795580000,0x0000000797600000)
  from space 5120K, 99% used [0x0000000797b00000,0x0000000797ffb4d0,0x0000000798000000)
  to   space 5120K, 0% used [0x0000000797600000,0x0000000797600000,0x0000000797b00000)
 ParOldGen       total 87552K, used 6755K [0x0000000740000000, 0x0000000745580000, 0x0000000795580000)
  object space 87552K, 7% used [0x0000000740000000,0x0000000740698f68,0x0000000745580000)
 Metaspace       used 20450K, capacity 21170K, committed 21248K, reserved 1067008K
  class space    used 2859K, capacity 3044K, committed 3072K, reserved 1048576K
}
Event: 5.370 GC heap before
{Heap before GC invocations=3 (full 1):
 PSYoungGen      total 38400K, used 5101K [0x0000000795580000, 0x0000000798000000, 0x00000007c0000000)
  eden space 33280K, 0% used [0x0000000795580000,0x0000000795580000,0x0000000797600000)
  from space 5120K, 99% used [0x0000000797b00000,0x0000000797ffb4d0,0x0000000798000000)
  to   space 5120K, 0% used [0x0000000797600000,0x0000000797600000,0x0000000797b00000)
 ParOldGen       total 87552K, used 6755K [0x0000000740000000, 0x0000000745580000, 0x0000000795580000)
  object space 87552K, 7% used [0x0000000740000000,0x0000000740698f68,0x0000000745580000)
 Metaspace       used 20450K, capacity 21170K, committed 21248K, reserved 1067008K
  class space    used 2859K, capacity 3044K, committed 3072K, reserved 1048576K
Event: 5.413 GC heap after
Heap after GC invocations=3 (full 1):
 PSYoungGen      total 38400K, used 0K [0x0000000795580000, 0x0000000798000000, 0x00000007c0000000)
  eden space 33280K, 0% used [0x0000000795580000,0x0000000795580000,0x0000000797600000)
  from space 5120K, 0% used [0x0000000797b00000,0x0000000797b00000,0x0000000798000000)
  to   space 5120K, 0% used [0x0000000797600000,0x0000000797600000,0x0000000797b00000)
 ParOldGen       total 73728K, used 9628K [0x0000000740000000, 0x0000000744800000, 0x0000000795580000)
  object space 73728K, 13% used [0x0000000740000000,0x0000000740967368,0x0000000744800000)
 Metaspace       used 20450K, capacity 21170K, committed 21248K, reserved 1067008K
  class space    used 2859K, capacity 3044K, committed 3072K, reserved 1048576K
}
Event: 7.432 GC heap before
{Heap before GC invocations=4 (full 1):
 PSYoungGen      total 38400K, used 33280K [0x0000000795580000, 0x0000000798000000, 0x00000007c0000000)
  eden space 33280K, 100% used [0x0000000795580000,0x0000000797600000,0x0000000797600000)
  from space 5120K, 0% used [0x0000000797b00000,0x0000000797b00000,0x0000000798000000)
  to   space 5120K, 0% used [0x0000000797600000,0x0000000797600000,0x0000000797b00000)
 ParOldGen       total 73728K, used 9628K [0x0000000740000000, 0x0000000744800000, 0x0000000795580000)
  object space 73728K, 13% used [0x0000000740000000,0x0000000740967368,0x0000000744800000)
 Metaspace       used 31600K, capacity 32714K, committed 32896K, reserved 1077248K
  class space    used 4448K, capacity 4672K, committed 4736K, reserved 1048576K
Event: 7.444 GC heap after
Heap after GC invocations=4 (full 1):
 PSYoungGen      total 38400K, used 5095K [0x0000000795580000, 0x0000000798c00000, 0x00000007c0000000)
  eden space 33280K, 0% used [0x0000000795580000,0x0000000795580000,0x0000000797600000)
  from space 5120K, 99% used [0x0000000797600000,0x0000000797af9e80,0x0000000797b00000)
  to   space 5120K, 0% used [0x0000000798700000,0x0000000798700000,0x0000000798c00000)
 ParOldGen       total 73728K, used 11163K [0x0000000740000000, 0x0000000744800000, 0x0000000795580000)
  object space 73728K, 15% used [0x0000000740000000,0x0000000740ae6c60,0x0000000744800000)
 Metaspace       used 31600K, capacity 32714K, committed 32896K, reserved 1077248K
  class space    used 4448K, capacity 4672K, committed 4736K, reserved 1048576K
}

