# JRE version: Java(TM) SE Runtime Environment (8.0_45-b14) (build 1.8.0_45-b14)
# Java VM: Java HotSpot(TM) 64-Bit Server VM (25.45-b02 mixed mode bsd-amd64 compressed oops)
Heap:
 PSYoungGen      total 49152K, used 20390K [0x0000000795580000, 0x0000000798c00000, 0x00000007c0000000)
  eden space 44032K, 46% used [0x0000000795580000,0x0000000796969878,0x0000000798080000)
  from space 5120K, 0% used [0x0000000798700000,0x0000000798700000,0x0000000798c00000)
  to   space 5120K, 0% used [0x0000000798200000,0x0000000798200000,0x0000000798700000)
 ParOldGen       total 113664K, used 13632K [0x0000000740000000, 0x0000000746f00000, 0x0000000795580000)
  object space 113664K, 11% used [0x0000000740000000,0x0000000740d50390,0x0000000746f00000)
 Metaspace       used 35416K, capacity 36769K, committed 37032K, reserved 1081344K
  class space    used 4875K, capacity 5184K, committed 5296K, reserved 1048576K
GC Heap History (10 events):
Event: 5.233 GC heap before
{Heap before GC invocations=2 (full 0):
 PSYoungGen      total 38400K, used 36196K [0x0000000795580000, 0x0000000798000000, 0x00000007c0000000)
  eden space 33280K, 93% used [0x0000000795580000,0x0000000797408908,0x0000000797600000)
  from space 5120K, 96% used [0x0000000797600000,0x0000000797ad0a90,0x0000000797b00000)
  to   space 5120K, 0% used [0x0000000797b00000,0x0000000797b00000,0x0000000798000000)
 ParOldGen       total 87552K, used 80K [0x0000000740000000, 0x0000000745580000, 0x0000000795580000)
  object space 87552K, 0% used [0x0000000740000000,0x0000000740014010,0x0000000745580000)
 Metaspace       used 20445K, capacity 21202K, committed 21296K, reserved 1067008K
  class space    used 2860K, capacity 3076K, committed 3120K, reserved 1048576K
Event: 5.246 GC heap after
Heap after GC invocations=2 (full 0):
 PSYoungGen      total 38400K, used 5103K [0x0000000795580000, 0x0000000798000000, 0x00000007c0000000)
  eden space 33280K, 0% used [0x0000000795580000,0x0000000795580000,0x0000000797600000)
  from space 5120K, 99% used [0x0000000797b00000,0x0000000797ffbf60,0x0000000798000000)
  to   space 5120K, 0% used [0x0000000797600000,0x0000000797600000,0x0000000797b00000)
 ParOldGen       total 87552K, used 6744K [0x0000000740000000, 0x0000000745580000, 0x0000000795580000)
  object space 87552K, 7% used [0x0000000740000000,0x00000007406963c0,0x0000000745580000)
 Metaspace       used 20445K, capacity 21202K, committed 21296K, reserved 1067008K
  class space    used 2860K, capacity 3076K, committed 3120K, reserved 1048576K
}
Event: 5.246 GC heap before
{Heap before GC invocations=3 (full 1):
 PSYoungGen      total 38400K, used 5103K [0x0000000795580000, 0x0000000798000000, 0x00000007c0000000)
  eden space 33280K, 0% used [0x0000000795580000,0x0000000795580000,0x0000000797600000)
  from space 5120K, 99% used [0x0000000797b00000,0x0000000797ffbf60,0x0000000798000000)
  to   space 5120K, 0% used [0x0000000797600000,0x0000000797600000,0x0000000797b00000)
 ParOldGen       total 87552K, used 6744K [0x0000000740000000, 0x0000000745580000, 0x0000000795580000)
  object space 87552K, 7% used [0x0000000740000000,0x00000007406963c0,0x0000000745580000)
 Metaspace       used 20445K, capacity 21202K, committed 21296K, reserved 1067008K
  class space    used 2860K, capacity 3076K, committed 3120K, reserved 1048576K
Event: 5.286 GC heap after
Heap after GC invocations=3 (full 1):
 PSYoungGen      total 38400K, used 0K [0x0000000795580000, 0x0000000798000000, 0x00000007c0000000)
  eden space 33280K, 0% used [0x0000000795580000,0x0000000795580000,0x0000000797600000)
  from space 5120K, 0% used [0x0000000797b00000,0x0000000797b00000,0x0000000798000000)
  to   space 5120K, 0% used [0x0000000797600000,0x0000000797600000,0x0000000797b00000)
 ParOldGen       total 73728K, used 9630K [0x0000000740000000, 0x0000000744800000, 0x0000000795580000)
  object space 73728K, 13% used [0x0000000740000000,0x00000007409678c0,0x0000000744800000)
 Metaspace       used 20445K, capacity 21202K, committed 21296K, reserved 1067008K
  class space    used 2860K, capacity 3076K, committed 3120K, reserved 1048576K
}
Event: 7.063 GC heap before
{Heap before GC invocations=4 (full 1):
 PSYoungGen      total 38400K, used 33280K [0x0000000795580000, 0x0000000798000000, 0x00000007c0000000)
  eden space 33280K, 100% used [0x0000000795580000,0x0000000797600000,0x0000000797600000)
  from space 5120K, 0% used [0x0000000797b00000,0x0000000797b00000,0x0000000798000000)
  to   space 5120K, 0% used [0x0000000797600000,0x0000000797600000,0x0000000797b00000)
 ParOldGen       total 73728K, used 9630K [0x0000000740000000, 0x0000000744800000, 0x0000000795580000)
  object space 73728K, 13% used [0x0000000740000000,0x00000007409678c0,0x0000000744800000)
 Metaspace       used 32084K, capacity 32878K, committed 33328K, reserved 1077248K
  class space    used 4349K, capacity 4550K, committed 4656K, reserved 1048576K
Event: 7.072 GC heap after
Heap after GC invocations=4 (full 1):
 PSYoungGen      total 38400K, used 5111K [0x0000000795580000, 0x0000000798c00000, 0x00000007c0000000)
  eden space 33280K, 0% used [0x0000000795580000,0x0000000795580000,0x0000000797600000)
  from space 5120K, 99% used [0x0000000797600000,0x0000000797afde80,0x0000000797b00000)
  to   space 5120K, 0% used [0x0000000798700000,0x0000000798700000,0x0000000798c00000)
 ParOldGen       total 73728K, used 11637K [0x0000000740000000, 0x0000000744800000, 0x0000000795580000)
  object space 73728K, 15% used [0x0000000740000000,0x0000000740b5d4c8,0x0000000744800000)
 Metaspace       used 32084K, capacity 32878K, committed 33328K, reserved 1077248K
  class space    used 4349K, capacity 4550K, committed 4656K, reserved 1048576K
}
Event: 15.401 GC heap before
{Heap before GC invocations=5 (full 1):
 PSYoungGen      total 38400K, used 18198K [0x0000000795580000, 0x0000000798c00000, 0x00000007c0000000)
  eden space 33280K, 39% used [0x0000000795580000,0x0000000796247ac0,0x0000000797600000)
  from space 5120K, 99% used [0x0000000797600000,0x0000000797afde80,0x0000000797b00000)
  to   space 5120K, 0% used [0x0000000798700000,0x0000000798700000,0x0000000798c00000)
 ParOldGen       total 73728K, used 11637K [0x0000000740000000, 0x0000000744800000, 0x0000000795580000)
  object space 73728K, 15% used [0x0000000740000000,0x0000000740b5d4c8,0x0000000744800000)
 Metaspace       used 34254K, capacity 35443K, committed 35496K, reserved 1079296K
  class space    used 4731K, capacity 4987K, committed 5040K, reserved 1048576K
Event: 15.409 GC heap after
Heap after GC invocations=5 (full 1):
 PSYoungGen      total 49152K, used 5094K [0x0000000795580000, 0x0000000798c00000, 0x00000007c0000000)
  eden space 44032K, 0% used [0x0000000795580000,0x0000000795580000,0x0000000798080000)
  from space 5120K, 99% used [0x0000000798700000,0x0000000798bf9a00,0x0000000798c00000)
  to   space 5120K, 0% used [0x0000000798200000,0x0000000798200000,0x0000000798700000)
 ParOldGen       total 73728K, used 12672K [0x0000000740000000, 0x0000000744800000, 0x0000000795580000)
  object space 73728K, 17% used [0x0000000740000000,0x0000000740c60068,0x0000000744800000)
 Metaspace       used 34254K, capacity 35443K, committed 35496K, reserved 1079296K
  class space    used 4731K, capacity 4987K, committed 5040K, reserved 1048576K
}
Event: 15.409 GC heap before
{Heap before GC invocations=6 (full 2):
 PSYoungGen      total 49152K, used 5094K [0x0000000795580000, 0x0000000798c00000, 0x00000007c0000000)
  eden space 44032K, 0% used [0x0000000795580000,0x0000000795580000,0x0000000798080000)
  from space 5120K, 99% used [0x0000000798700000,0x0000000798bf9a00,0x0000000798c00000)
  to   space 5120K, 0% used [0x0000000798200000,0x0000000798200000,0x0000000798700000)
 ParOldGen       total 73728K, used 12672K [0x0000000740000000, 0x0000000744800000, 0x0000000795580000)
  object space 73728K, 17% used [0x0000000740000000,0x0000000740c60068,0x0000000744800000)
 Metaspace       used 34254K, capacity 35443K, committed 35496K, reserved 1079296K
  class space    used 4731K, capacity 4987K, committed 5040K, reserved 1048576K
Event: 15.480 GC heap after
Heap after GC invocations=6 (full 2):
 PSYoungGen      total 49152K, used 0K [0x0000000795580000, 0x0000000798c00000, 0x00000007c0000000)
  eden space 44032K, 0% used [0x0000000795580000,0x0000000795580000,0x0000000798080000)
  from space 5120K, 0% used [0x0000000798700000,0x0000000798700000,0x0000000798c00000)
  to   space 5120K, 0% used [0x0000000798200000,0x0000000798200000,0x0000000798700000)
 ParOldGen       total 113664K, used 13632K [0x0000000740000000, 0x0000000746f00000, 0x0000000795580000)
  object space 113664K, 11% used [0x0000000740000000,0x0000000740d50390,0x0000000746f00000)
 Metaspace       used 34254K, capacity 35443K, committed 35496K, reserved 1079296K
  class space    used 4731K, capacity 4987K, committed 5040K, reserved 1048576K
}

