# JRE version: Java(TM) SE Runtime Environment (8.0_45-b14) (build 1.8.0_45-b14)
# Java VM: Java HotSpot(TM) 64-Bit Server VM (25.45-b02 mixed mode bsd-amd64 compressed oops)
Heap:
 PSYoungGen      total 37888K, used 16392K [0x0000000795580000, 0x0000000798a80000, 0x00000007c0000000)
  eden space 32768K, 50% used [0x0000000795580000,0x0000000796582158,0x0000000797580000)
  from space 5120K, 0% used [0x0000000797600000,0x0000000797600000,0x0000000797b00000)
  to   space 10752K, 0% used [0x0000000798000000,0x0000000798000000,0x0000000798a80000)
 ParOldGen       total 51712K, used 13374K [0x0000000740000000, 0x0000000743280000, 0x0000000795580000)
  object space 51712K, 25% used [0x0000000740000000,0x0000000740d0f8c8,0x0000000743280000)
 Metaspace       used 37848K, capacity 38928K, committed 39296K, reserved 1083392K
  class space    used 5167K, capacity 5413K, committed 5504K, reserved 1048576K
GC Heap History (10 events):
Event: 26.342 GC heap before
{Heap before GC invocations=3 (full 1):
 PSYoungGen      total 38400K, used 5113K [0x0000000795580000, 0x0000000798000000, 0x00000007c0000000)
  eden space 33280K, 0% used [0x0000000795580000,0x0000000795580000,0x0000000797600000)
  from space 5120K, 99% used [0x0000000797b00000,0x0000000797ffe710,0x0000000798000000)
  to   space 5120K, 0% used [0x0000000797600000,0x0000000797600000,0x0000000797b00000)
 ParOldGen       total 87552K, used 6078K [0x0000000740000000, 0x0000000745580000, 0x0000000795580000)
  object space 87552K, 6% used [0x0000000740000000,0x00000007405ef968,0x0000000745580000)
 Metaspace       used 20375K, capacity 21060K, committed 21248K, reserved 1067008K
  class space    used 2739K, capacity 2945K, committed 3072K, reserved 1048576K
Event: 26.392 GC heap after
Heap after GC invocations=3 (full 1):
 PSYoungGen      total 38400K, used 0K [0x0000000795580000, 0x0000000798000000, 0x00000007c0000000)
  eden space 33280K, 0% used [0x0000000795580000,0x0000000795580000,0x0000000797600000)
  from space 5120K, 0% used [0x0000000797b00000,0x0000000797b00000,0x0000000798000000)
  to   space 5120K, 0% used [0x0000000797600000,0x0000000797600000,0x0000000797b00000)
 ParOldGen       total 50176K, used 9018K [0x0000000740000000, 0x0000000743100000, 0x0000000795580000)
  object space 50176K, 17% used [0x0000000740000000,0x00000007408cebe8,0x0000000743100000)
 Metaspace       used 20375K, capacity 21060K, committed 21248K, reserved 1067008K
  class space    used 2739K, capacity 2945K, committed 3072K, reserved 1048576K
}
Event: 27.002 GC heap before
{Heap before GC invocations=4 (full 1):
 PSYoungGen      total 38400K, used 33280K [0x0000000795580000, 0x0000000798000000, 0x00000007c0000000)
  eden space 33280K, 100% used [0x0000000795580000,0x0000000797600000,0x0000000797600000)
  from space 5120K, 0% used [0x0000000797b00000,0x0000000797b00000,0x0000000798000000)
  to   space 5120K, 0% used [0x0000000797600000,0x0000000797600000,0x0000000797b00000)
 ParOldGen       total 50176K, used 9018K [0x0000000740000000, 0x0000000743100000, 0x0000000795580000)
  object space 50176K, 17% used [0x0000000740000000,0x00000007408cebe8,0x0000000743100000)
 Metaspace       used 25378K, capacity 26298K, committed 26496K, reserved 1073152K
  class space    used 3433K, capacity 3648K, committed 3712K, reserved 1048576K
Event: 27.007 GC heap after
Heap after GC invocations=4 (full 1):
 PSYoungGen      total 38400K, used 3996K [0x0000000795580000, 0x0000000798000000, 0x00000007c0000000)
  eden space 33280K, 0% used [0x0000000795580000,0x0000000795580000,0x0000000797600000)
  from space 5120K, 78% used [0x0000000797600000,0x00000007979e7228,0x0000000797b00000)
  to   space 5120K, 0% used [0x0000000797b00000,0x0000000797b00000,0x0000000798000000)
 ParOldGen       total 50176K, used 9026K [0x0000000740000000, 0x0000000743100000, 0x0000000795580000)
  object space 50176K, 17% used [0x0000000740000000,0x00000007408d0be8,0x0000000743100000)
 Metaspace       used 25378K, capacity 26298K, committed 26496K, reserved 1073152K
  class space    used 3433K, capacity 3648K, committed 3712K, reserved 1048576K
}
Event: 55.107 GC heap before
{Heap before GC invocations=5 (full 1):
 PSYoungGen      total 38400K, used 37276K [0x0000000795580000, 0x0000000798000000, 0x00000007c0000000)
  eden space 33280K, 100% used [0x0000000795580000,0x0000000797600000,0x0000000797600000)
  from space 5120K, 78% used [0x0000000797600000,0x00000007979e7228,0x0000000797b00000)
  to   space 5120K, 0% used [0x0000000797b00000,0x0000000797b00000,0x0000000798000000)
 ParOldGen       total 50176K, used 9026K [0x0000000740000000, 0x0000000743100000, 0x0000000795580000)
  object space 50176K, 17% used [0x0000000740000000,0x00000007408d0be8,0x0000000743100000)
 Metaspace       used 29457K, capacity 30340K, committed 30592K, reserved 1075200K
  class space    used 3905K, capacity 4135K, committed 4224K, reserved 1048576K
Event: 55.114 GC heap after
Heap after GC invocations=5 (full 1):
 PSYoungGen      total 38400K, used 5093K [0x0000000795580000, 0x0000000798000000, 0x00000007c0000000)
  eden space 33280K, 0% used [0x0000000795580000,0x0000000795580000,0x0000000797600000)
  from space 5120K, 99% used [0x0000000797b00000,0x0000000797ff9560,0x0000000798000000)
  to   space 5120K, 0% used [0x0000000797600000,0x0000000797600000,0x0000000797b00000)
 ParOldGen       total 50176K, used 10498K [0x0000000740000000, 0x0000000743100000, 0x0000000795580000)
  object space 50176K, 20% used [0x0000000740000000,0x0000000740a40b60,0x0000000743100000)
 Metaspace       used 29457K, capacity 30340K, committed 30592K, reserved 1075200K
  class space    used 3905K, capacity 4135K, committed 4224K, reserved 1048576K
}
Event: 55.458 GC heap before
{Heap before GC invocations=6 (full 1):
 PSYoungGen      total 38400K, used 13214K [0x0000000795580000, 0x0000000798000000, 0x00000007c0000000)
  eden space 33280K, 24% used [0x0000000795580000,0x0000000795d6e480,0x0000000797600000)
  from space 5120K, 99% used [0x0000000797b00000,0x0000000797ff9560,0x0000000798000000)
  to   space 5120K, 0% used [0x0000000797600000,0x0000000797600000,0x0000000797b00000)
 ParOldGen       total 50176K, used 10498K [0x0000000740000000, 0x0000000743100000, 0x0000000795580000)
  object space 50176K, 20% used [0x0000000740000000,0x0000000740a40b60,0x0000000743100000)
 Metaspace       used 34470K, capacity 35332K, committed 35416K, reserved 1079296K
  class space    used 4644K, capacity 4861K, committed 4864K, reserved 1048576K
Event: 55.466 GC heap after
Heap after GC invocations=6 (full 1):
 PSYoungGen      total 37888K, used 5106K [0x0000000795580000, 0x0000000798a80000, 0x00000007c0000000)
  eden space 32768K, 0% used [0x0000000795580000,0x0000000795580000,0x0000000797580000)
  from space 5120K, 99% used [0x0000000797600000,0x0000000797afcad8,0x0000000797b00000)
  to   space 10752K, 0% used [0x0000000798000000,0x0000000798000000,0x0000000798a80000)
 ParOldGen       total 50176K, used 11087K [0x0000000740000000, 0x0000000743100000, 0x0000000795580000)
  object space 50176K, 22% used [0x0000000740000000,0x0000000740ad3e60,0x0000000743100000)
 Metaspace       used 34470K, capacity 35332K, committed 35416K, reserved 1079296K
  class space    used 4644K, capacity 4861K, committed 4864K, reserved 1048576K
}
Event: 55.466 GC heap before
{Heap before GC invocations=7 (full 2):
 PSYoungGen      total 37888K, used 5106K [0x0000000795580000, 0x0000000798a80000, 0x00000007c0000000)
  eden space 32768K, 0% used [0x0000000795580000,0x0000000795580000,0x0000000797580000)
  from space 5120K, 99% used [0x0000000797600000,0x0000000797afcad8,0x0000000797b00000)
  to   space 10752K, 0% used [0x0000000798000000,0x0000000798000000,0x0000000798a80000)
 ParOldGen       total 50176K, used 11087K [0x0000000740000000, 0x0000000743100000, 0x0000000795580000)
  object space 50176K, 22% used [0x0000000740000000,0x0000000740ad3e60,0x0000000743100000)
 Metaspace       used 34470K, capacity 35332K, committed 35416K, reserved 1079296K
  class space    used 4644K, capacity 4861K, committed 4864K, reserved 1048576K
Event: 55.539 GC heap after
Heap after GC invocations=7 (full 2):
 PSYoungGen      total 37888K, used 0K [0x0000000795580000, 0x0000000798a80000, 0x00000007c0000000)
  eden space 32768K, 0% used [0x0000000795580000,0x0000000795580000,0x0000000797580000)
  from space 5120K, 0% used [0x0000000797600000,0x0000000797600000,0x0000000797b00000)
  to   space 10752K, 0% used [0x0000000798000000,0x0000000798000000,0x0000000798a80000)
 ParOldGen       total 51712K, used 13374K [0x0000000740000000, 0x0000000743280000, 0x0000000795580000)
  object space 51712K, 25% used [0x0000000740000000,0x0000000740d0f8c8,0x0000000743280000)
 Metaspace       used 34470K, capacity 35332K, committed 35416K, reserved 1079296K
  class space    used 4644K, capacity 4861K, committed 4864K, reserved 1048576K
}

