# JRE version: Java(TM) SE Runtime Environment (8.0_45-b14) (build 1.8.0_45-b14)
# Java VM: Java HotSpot(TM) 64-Bit Server VM (25.45-b02 mixed mode bsd-amd64 compressed oops)
Heap:
 PSYoungGen      total 38400K, used 4739K [0x0000000795580000, 0x0000000798000000, 0x00000007c0000000)
  eden space 33280K, 14% used [0x0000000795580000,0x0000000795a20d60,0x0000000797600000)
  from space 5120K, 0% used [0x0000000797b00000,0x0000000797b00000,0x0000000798000000)
  to   space 5120K, 0% used [0x0000000797600000,0x0000000797600000,0x0000000797b00000)
 ParOldGen       total 54272K, used 14048K [0x0000000740000000, 0x0000000743500000, 0x0000000795580000)
  object space 54272K, 25% used [0x0000000740000000,0x0000000740db8118,0x0000000743500000)
 Metaspace       used 34550K, capacity 35763K, committed 35928K, reserved 1081344K
  class space    used 4716K, capacity 4975K, committed 4992K, reserved 1048576K
GC Heap History (10 events):
Event: 10.578 GC heap before
{Heap before GC invocations=2 (full 0):
 PSYoungGen      total 38400K, used 37972K [0x0000000795580000, 0x0000000798000000, 0x00000007c0000000)
  eden space 33280K, 99% used [0x0000000795580000,0x00000007975c1158,0x0000000797600000)
  from space 5120K, 96% used [0x0000000797600000,0x0000000797ad4048,0x0000000797b00000)
  to   space 5120K, 0% used [0x0000000797b00000,0x0000000797b00000,0x0000000798000000)
 ParOldGen       total 87552K, used 80K [0x0000000740000000, 0x0000000745580000, 0x0000000795580000)
  object space 87552K, 0% used [0x0000000740000000,0x0000000740014010,0x0000000745580000)
 Metaspace       used 20413K, capacity 21176K, committed 21248K, reserved 1067008K
  class space    used 2830K, capacity 3045K, committed 3072K, reserved 1048576K
Event: 10.592 GC heap after
Heap after GC invocations=2 (full 0):
 PSYoungGen      total 38400K, used 5103K [0x0000000795580000, 0x0000000798000000, 0x00000007c0000000)
  eden space 33280K, 0% used [0x0000000795580000,0x0000000795580000,0x0000000797600000)
  from space 5120K, 99% used [0x0000000797b00000,0x0000000797ffbf40,0x0000000798000000)
  to   space 5120K, 0% used [0x0000000797600000,0x0000000797600000,0x0000000797b00000)
 ParOldGen       total 87552K, used 6795K [0x0000000740000000, 0x0000000745580000, 0x0000000795580000)
  object space 87552K, 7% used [0x0000000740000000,0x00000007406a2e00,0x0000000745580000)
 Metaspace       used 20413K, capacity 21176K, committed 21248K, reserved 1067008K
  class space    used 2830K, capacity 3045K, committed 3072K, reserved 1048576K
}
Event: 10.592 GC heap before
{Heap before GC invocations=3 (full 1):
 PSYoungGen      total 38400K, used 5103K [0x0000000795580000, 0x0000000798000000, 0x00000007c0000000)
  eden space 33280K, 0% used [0x0000000795580000,0x0000000795580000,0x0000000797600000)
  from space 5120K, 99% used [0x0000000797b00000,0x0000000797ffbf40,0x0000000798000000)
  to   space 5120K, 0% used [0x0000000797600000,0x0000000797600000,0x0000000797b00000)
 ParOldGen       total 87552K, used 6795K [0x0000000740000000, 0x0000000745580000, 0x0000000795580000)
  object space 87552K, 7% used [0x0000000740000000,0x00000007406a2e00,0x0000000745580000)
 Metaspace       used 20413K, capacity 21176K, committed 21248K, reserved 1067008K
  class space    used 2830K, capacity 3045K, committed 3072K, reserved 1048576K
Event: 10.634 GC heap after
Heap after GC invocations=3 (full 1):
 PSYoungGen      total 38400K, used 0K [0x0000000795580000, 0x0000000798000000, 0x00000007c0000000)
  eden space 33280K, 0% used [0x0000000795580000,0x0000000795580000,0x0000000797600000)
  from space 5120K, 0% used [0x0000000797b00000,0x0000000797b00000,0x0000000798000000)
  to   space 5120K, 0% used [0x0000000797600000,0x0000000797600000,0x0000000797b00000)
 ParOldGen       total 51712K, used 9660K [0x0000000740000000, 0x0000000743280000, 0x0000000795580000)
  object space 51712K, 18% used [0x0000000740000000,0x000000074096f088,0x0000000743280000)
 Metaspace       used 20413K, capacity 21176K, committed 21248K, reserved 1067008K
  class space    used 2830K, capacity 3045K, committed 3072K, reserved 1048576K
}
Event: 12.769 GC heap before
{Heap before GC invocations=4 (full 1):
 PSYoungGen      total 38400K, used 33280K [0x0000000795580000, 0x0000000798000000, 0x00000007c0000000)
  eden space 33280K, 100% used [0x0000000795580000,0x0000000797600000,0x0000000797600000)
  from space 5120K, 0% used [0x0000000797b00000,0x0000000797b00000,0x0000000798000000)
  to   space 5120K, 0% used [0x0000000797600000,0x0000000797600000,0x0000000797b00000)
 ParOldGen       total 51712K, used 9660K [0x0000000740000000, 0x0000000743280000, 0x0000000795580000)
  object space 51712K, 18% used [0x0000000740000000,0x000000074096f088,0x0000000743280000)
 Metaspace       used 32387K, capacity 33132K, committed 33536K, reserved 1079296K
  class space    used 4363K, capacity 4551K, committed 4608K, reserved 1048576K
Event: 12.779 GC heap after
Heap after GC invocations=4 (full 1):
 PSYoungGen      total 38400K, used 5111K [0x0000000795580000, 0x0000000798000000, 0x00000007c0000000)
  eden space 33280K, 0% used [0x0000000795580000,0x0000000795580000,0x0000000797600000)
  from space 5120K, 99% used [0x0000000797600000,0x0000000797afdeb0,0x0000000797b00000)
  to   space 5120K, 0% used [0x0000000797b00000,0x0000000797b00000,0x0000000798000000)
 ParOldGen       total 51712K, used 11788K [0x0000000740000000, 0x0000000743280000, 0x0000000795580000)
  object space 51712K, 22% used [0x0000000740000000,0x0000000740b83018,0x0000000743280000)
 Metaspace       used 32387K, capacity 33132K, committed 33536K, reserved 1079296K
  class space    used 4363K, capacity 4551K, committed 4608K, reserved 1048576K
}
Event: 38.263 GC heap before
{Heap before GC invocations=5 (full 1):
 PSYoungGen      total 38400K, used 23461K [0x0000000795580000, 0x0000000798000000, 0x00000007c0000000)
  eden space 33280K, 55% used [0x0000000795580000,0x000000079676b738,0x0000000797600000)
  from space 5120K, 99% used [0x0000000797600000,0x0000000797afdeb0,0x0000000797b00000)
  to   space 5120K, 0% used [0x0000000797b00000,0x0000000797b00000,0x0000000798000000)
 ParOldGen       total 51712K, used 11788K [0x0000000740000000, 0x0000000743280000, 0x0000000795580000)
  object space 51712K, 22% used [0x0000000740000000,0x0000000740b83018,0x0000000743280000)
 Metaspace       used 34173K, capacity 35339K, committed 35416K, reserved 1079296K
  class space    used 4663K, capacity 4915K, committed 4992K, reserved 1048576K
Event: 38.274 GC heap after
Heap after GC invocations=5 (full 1):
 PSYoungGen      total 38400K, used 5097K [0x0000000795580000, 0x0000000798000000, 0x00000007c0000000)
  eden space 33280K, 0% used [0x0000000795580000,0x0000000795580000,0x0000000797600000)
  from space 5120K, 99% used [0x0000000797b00000,0x0000000797ffa788,0x0000000798000000)
  to   space 5120K, 0% used [0x0000000797600000,0x0000000797600000,0x0000000797b00000)
 ParOldGen       total 51712K, used 13348K [0x0000000740000000, 0x0000000743280000, 0x0000000795580000)
  object space 51712K, 25% used [0x0000000740000000,0x0000000740d091a0,0x0000000743280000)
 Metaspace       used 34173K, capacity 35339K, committed 35416K, reserved 1079296K
  class space    used 4663K, capacity 4915K, committed 4992K, reserved 1048576K
}
Event: 38.274 GC heap before
{Heap before GC invocations=6 (full 2):
 PSYoungGen      total 38400K, used 5097K [0x0000000795580000, 0x0000000798000000, 0x00000007c0000000)
  eden space 33280K, 0% used [0x0000000795580000,0x0000000795580000,0x0000000797600000)
  from space 5120K, 99% used [0x0000000797b00000,0x0000000797ffa788,0x0000000798000000)
  to   space 5120K, 0% used [0x0000000797600000,0x0000000797600000,0x0000000797b00000)
 ParOldGen       total 51712K, used 13348K [0x0000000740000000, 0x0000000743280000, 0x0000000795580000)
  object space 51712K, 25% used [0x0000000740000000,0x0000000740d091a0,0x0000000743280000)
 Metaspace       used 34173K, capacity 35339K, committed 35416K, reserved 1079296K
  class space    used 4663K, capacity 4915K, committed 4992K, reserved 1048576K
Event: 38.348 GC heap after
Heap after GC invocations=6 (full 2):
 PSYoungGen      total 38400K, used 0K [0x0000000795580000, 0x0000000798000000, 0x00000007c0000000)
  eden space 33280K, 0% used [0x0000000795580000,0x0000000795580000,0x0000000797600000)
  from space 5120K, 0% used [0x0000000797b00000,0x0000000797b00000,0x0000000798000000)
  to   space 5120K, 0% used [0x0000000797600000,0x0000000797600000,0x0000000797b00000)
 ParOldGen       total 54272K, used 14048K [0x0000000740000000, 0x0000000743500000, 0x0000000795580000)
  object space 54272K, 25% used [0x0000000740000000,0x0000000740db8118,0x0000000743500000)
 Metaspace       used 34173K, capacity 35339K, committed 35416K, reserved 1079296K
  class space    used 4663K, capacity 4915K, committed 4992K, reserved 1048576K
}

