# JRE version: Java(TM) SE Runtime Environment (8.0_45-b14) (build 1.8.0_45-b14)
# Java VM: Java HotSpot(TM) 64-Bit Server VM (25.45-b02 mixed mode bsd-amd64 compressed oops)
Heap:
 PSYoungGen      total 38400K, used 9375K [0x0000000795580000, 0x0000000798000000, 0x00000007c0000000)
  eden space 33280K, 12% used [0x0000000795580000,0x00000007959a9ed8,0x0000000797600000)
  from space 5120K, 99% used [0x0000000797600000,0x0000000797afde70,0x0000000797b00000)
  to   space 5120K, 0% used [0x0000000797b00000,0x0000000797b00000,0x0000000798000000)
 ParOldGen       total 48640K, used 10931K [0x0000000740000000, 0x0000000742f80000, 0x0000000795580000)
  object space 48640K, 22% used [0x0000000740000000,0x0000000740aaccb0,0x0000000742f80000)
 Metaspace       used 31856K, capacity 33062K, committed 33152K, reserved 1077248K
  class space    used 4458K, capacity 4680K, committed 4736K, reserved 1048576K
GC Heap History (8 events):
Event: 3.879 GC heap before
{Heap before GC invocations=1 (full 0):
 PSYoungGen      total 38400K, used 33280K [0x0000000795580000, 0x0000000798000000, 0x00000007c0000000)
  eden space 33280K, 100% used [0x0000000795580000,0x0000000797600000,0x0000000797600000)
  from space 5120K, 0% used [0x0000000797b00000,0x0000000797b00000,0x0000000798000000)
  to   space 5120K, 0% used [0x0000000797600000,0x0000000797600000,0x0000000797b00000)
 ParOldGen       total 87552K, used 0K [0x0000000740000000, 0x0000000745580000, 0x0000000795580000)
  object space 87552K, 0% used [0x0000000740000000,0x0000000740000000,0x0000000745580000)
 Metaspace       used 13498K, capacity 14052K, committed 14336K, reserved 1060864K
  class space    used 1814K, capacity 1993K, committed 2048K, reserved 1048576K
Event: 3.890 GC heap after
Heap after GC invocations=1 (full 0):
 PSYoungGen      total 38400K, used 4930K [0x0000000795580000, 0x0000000798000000, 0x00000007c0000000)
  eden space 33280K, 0% used [0x0000000795580000,0x0000000795580000,0x0000000797600000)
  from space 5120K, 96% used [0x0000000797600000,0x0000000797ad0ac8,0x0000000797b00000)
  to   space 5120K, 0% used [0x0000000797b00000,0x0000000797b00000,0x0000000798000000)
 ParOldGen       total 87552K, used 80K [0x0000000740000000, 0x0000000745580000, 0x0000000795580000)
  object space 87552K, 0% used [0x0000000740000000,0x0000000740014010,0x0000000745580000)
 Metaspace       used 13498K, capacity 14052K, committed 14336K, reserved 1060864K
  class space    used 1814K, capacity 1993K, committed 2048K, reserved 1048576K
}
Event: 7.522 GC heap before
{Heap before GC invocations=2 (full 0):
 PSYoungGen      total 38400K, used 35969K [0x0000000795580000, 0x0000000798000000, 0x00000007c0000000)
  eden space 33280K, 93% used [0x0000000795580000,0x00000007973cfa48,0x0000000797600000)
  from space 5120K, 96% used [0x0000000797600000,0x0000000797ad0ac8,0x0000000797b00000)
  to   space 5120K, 0% used [0x0000000797b00000,0x0000000797b00000,0x0000000798000000)
 ParOldGen       total 87552K, used 80K [0x0000000740000000, 0x0000000745580000, 0x0000000795580000)
  object space 87552K, 0% used [0x0000000740000000,0x0000000740014010,0x0000000745580000)
 Metaspace       used 20479K, capacity 21150K, committed 21248K, reserved 1067008K
  class space    used 2856K, capacity 3044K, committed 3072K, reserved 1048576K
Event: 7.538 GC heap after
Heap after GC invocations=2 (full 0):
 PSYoungGen      total 38400K, used 5109K [0x0000000795580000, 0x0000000798000000, 0x00000007c0000000)
  eden space 33280K, 0% used [0x0000000795580000,0x0000000795580000,0x0000000797600000)
  from space 5120K, 99% used [0x0000000797b00000,0x0000000797ffd590,0x0000000798000000)
  to   space 5120K, 0% used [0x0000000797600000,0x0000000797600000,0x0000000797b00000)
 ParOldGen       total 87552K, used 4667K [0x0000000740000000, 0x0000000745580000, 0x0000000795580000)
  object space 87552K, 5% used [0x0000000740000000,0x000000074048ed58,0x0000000745580000)
 Metaspace       used 20479K, capacity 21150K, committed 21248K, reserved 1067008K
  class space    used 2856K, capacity 3044K, committed 3072K, reserved 1048576K
}
Event: 7.538 GC heap before
{Heap before GC invocations=3 (full 1):
 PSYoungGen      total 38400K, used 5109K [0x0000000795580000, 0x0000000798000000, 0x00000007c0000000)
  eden space 33280K, 0% used [0x0000000795580000,0x0000000795580000,0x0000000797600000)
  from space 5120K, 99% used [0x0000000797b00000,0x0000000797ffd590,0x0000000798000000)
  to   space 5120K, 0% used [0x0000000797600000,0x0000000797600000,0x0000000797b00000)
 ParOldGen       total 87552K, used 4667K [0x0000000740000000, 0x0000000745580000, 0x0000000795580000)
  object space 87552K, 5% used [0x0000000740000000,0x000000074048ed58,0x0000000745580000)
 Metaspace       used 20479K, capacity 21150K, committed 21248K, reserved 1067008K
  class space    used 2856K, capacity 3044K, committed 3072K, reserved 1048576K
Event: 7.585 GC heap after
Heap after GC invocations=3 (full 1):
 PSYoungGen      total 38400K, used 0K [0x0000000795580000, 0x0000000798000000, 0x00000007c0000000)
  eden space 33280K, 0% used [0x0000000795580000,0x0000000795580000,0x0000000797600000)
  from space 5120K, 0% used [0x0000000797b00000,0x0000000797b00000,0x0000000798000000)
  to   space 5120K, 0% used [0x0000000797600000,0x0000000797600000,0x0000000797b00000)
 ParOldGen       total 48640K, used 9621K [0x0000000740000000, 0x0000000742f80000, 0x0000000795580000)
  object space 48640K, 19% used [0x0000000740000000,0x0000000740965440,0x0000000742f80000)
 Metaspace       used 20479K, capacity 21150K, committed 21248K, reserved 1067008K
  class space    used 2856K, capacity 3044K, committed 3072K, reserved 1048576K
}
Event: 9.839 GC heap before
{Heap before GC invocations=4 (full 1):
 PSYoungGen      total 38400K, used 33280K [0x0000000795580000, 0x0000000798000000, 0x00000007c0000000)
  eden space 33280K, 100% used [0x0000000795580000,0x0000000797600000,0x0000000797600000)
  from space 5120K, 0% used [0x0000000797b00000,0x0000000797b00000,0x0000000798000000)
  to   space 5120K, 0% used [0x0000000797600000,0x0000000797600000,0x0000000797b00000)
 ParOldGen       total 48640K, used 9621K [0x0000000740000000, 0x0000000742f80000, 0x0000000795580000)
  object space 48640K, 19% used [0x0000000740000000,0x0000000740965440,0x0000000742f80000)
 Metaspace       used 31388K, capacity 32538K, committed 32640K, reserved 1077248K
  class space    used 4424K, capacity 4666K, committed 4736K, reserved 1048576K
Event: 9.849 GC heap after
Heap after GC invocations=4 (full 1):
 PSYoungGen      total 38400K, used 5111K [0x0000000795580000, 0x0000000798000000, 0x00000007c0000000)
  eden space 33280K, 0% used [0x0000000795580000,0x0000000795580000,0x0000000797600000)
  from space 5120K, 99% used [0x0000000797600000,0x0000000797afde70,0x0000000797b00000)
  to   space 5120K, 0% used [0x0000000797b00000,0x0000000797b00000,0x0000000798000000)
 ParOldGen       total 48640K, used 10931K [0x0000000740000000, 0x0000000742f80000, 0x0000000795580000)
  object space 48640K, 22% used [0x0000000740000000,0x0000000740aaccb0,0x0000000742f80000)
 Metaspace       used 31388K, capacity 32538K, committed 32640K, reserved 1077248K
  class space    used 4424K, capacity 4666K, committed 4736K, reserved 1048576K
}

